Flutter crash report.
Please report a bug at https://github.com/flutter/flutter/issues.

## command

flutter run -d chrome --web-port 5173

## exception

FileSystemException: FileSystemException: Failed to decode data using encoding 'utf-8', path = 'C:\dev\bitacora_web\web\index.html'

```
#0      _File._tryDecode (dart:io/file_impl.dart:708:7)
#1      _File.readAsStringSync (dart:io/file_impl.dart:719:7)
#2      ForwardingFile.readAsStringSync (package:file/src/forwarding/forwarding_file.dart:99:16)
#3      ErrorHandlingFile.readAsStringSync.<anonymous closure> (package:flutter_tools/src/base/error_handling_io.dart:212:22)
#4      _runSync (package:flutter_tools/src/base/error_handling_io.dart:552:14)
#5      ErrorHandlingFile.readAsStringSync (package:flutter_tools/src/base/error_handling_io.dart:211:12)
#6      htmlTemplate (package:flutter_tools/src/isolated/web_server_utlities.dart:71:43)
#7      new WebAssetServer (package:flutter_tools/src/isolated/web_asset_server.dart:79:40)
#8      WebAssetServer.start (package:flutter_tools/src/isolated/web_asset_server.dart:262:20)
<asynchronous suspension>
#9      WebDevFS.create (package:flutter_tools/src/isolated/devfs_web.dart:209:22)
<asynchronous suspension>
#10     ResidentWebRunner.run.<anonymous closure> (package:flutter_tools/src/isolated/resident_web_runner.dart:354:19)
<asynchronous suspension>
#11     asyncGuard.<anonymous closure> (package:flutter_tools/src/base/async_guard.dart:108:24)
<asynchronous suspension>
```

## flutter doctor

```
[33m[!][39m Flutter (Channel stable, 3.35.7, on Microsoft Windows [Versi¢n 10.0.26100.6899], locale es-ES) [356ms]
    [32m•[39m Flutter version 3.35.7 on channel stable at D:\sdk\flutter
    [33m![39m Warning: `flutter` on your path resolves to C:\dev\bitacora_web\flutter.js, which is not inside your current Flutter SDK checkout at D:\sdk\flutter. Consider adding D:\sdk\flutter\bin to the front of your path.
    [32m•[39m Upstream repository https://github.com/flutter/flutter.git
    [32m•[39m Framework revision adc9010625 (13 days ago), 2025-10-21 14:16:03 -0400
    [32m•[39m Engine revision 035316565a
    [32m•[39m Dart version 3.9.2
    [32m•[39m DevTools version 2.48.0
    [32m•[39m Feature flags: enable-web, enable-linux-desktop, enable-macos-desktop, enable-windows-desktop, enable-android, enable-ios, cli-animations, enable-lldb-debugging
    [32m•[39m If those were intentional, you can disregard the above warnings; however it is recommended to use "git" directly to perform update checks and upgrades.

[32m[✓][39m Windows Version (Windows 11 or higher, 24H2, 2009) [1.612ms]

[32m[✓][39m Android toolchain - develop for Android devices (Android SDK version 36.0.0) [3,1s]
    [32m•[39m Android SDK at C:\Users\marco\AppData\Local\Android\Sdk
    [32m•[39m Emulator version 36.2.12.0 (build_id 14214601) (CL:N/A)
    [32m•[39m Platform android-36, build-tools 36.0.0
    [32m•[39m ANDROID_HOME = D:\Work\Android\Sdk
    [32m•[39m ANDROID_SDK_ROOT = D:\Work\Android\Sdk
    [32m•[39m Java binary at: C:\Program Files\Eclipse Adoptium\jdk-17.0.16.8-hotspot\bin\java
      This JDK is specified in your Flutter configuration.
      To change the current JDK, run: `flutter config --jdk-dir="path/to/jdk"`.
    [32m•[39m Java version OpenJDK Runtime Environment Temurin-17.0.16+8 (build 17.0.16+8)
    [32m•[39m All Android licenses accepted.

[32m[✓][39m Chrome - develop for the web [131ms]
    [32m•[39m CHROME_EXECUTABLE = C:\Program Files\Google\Chrome\Application\chrome.exe

[32m[✓][39m Visual Studio - develop Windows apps (Visual Studio Build Tools 2022 17.14.9 (July 2025)) [131ms]
    [32m•[39m Visual Studio at C:\Program Files (x86)\Microsoft Visual Studio\2022\BuildTools
    [32m•[39m Visual Studio Build Tools 2022 version 17.14.36310.24
    [32m•[39m Windows 10 SDK version 10.0.26100.0

[32m[✓][39m Android Studio (version 2025.1.1) [5ms]
    [32m•[39m Android Studio at C:\Program Files\Android\Android Studio1
    [32m•[39m Flutter plugin can be installed from:
      🔨 https://plugins.jetbrains.com/plugin/9212-flutter
    [32m•[39m Dart plugin can be installed from:
      🔨 https://plugins.jetbrains.com/plugin/6351-dart
    [32m•[39m Java version openjdk version "21.0.6" 2025-01-21

[32m[✓][39m VS Code (version 1.105.1) [4ms]
    [32m•[39m VS Code at C:\Users\marco\AppData\Local\Programs\Microsoft VS Code
    [32m•[39m Flutter extension can be installed from:
      🔨 https://marketplace.visualstudio.com/items?itemName=Dart-Code.flutter

[32m[✓][39m Connected device (3 available) [101ms]
    [32m•[39m Windows (desktop) • windows • windows-x64    • Microsoft Windows [Versi¢n 10.0.26100.6899]
    [32m•[39m Chrome (web)      • chrome  • web-javascript • Google Chrome 141.0.7390.123
    [32m•[39m Edge (web)        • edge    • web-javascript • Microsoft Edge 142.0.3595.53

[32m[✓][39m Network resources [333ms]
    [32m•[39m All expected network resources are available.

[33m![39m Doctor found issues in 1 category.
```
